
Support for Android x86 targets will be removed in the next stable release after 3.27. See https://github.com/flutter/flutter/issues/157543 for details.
Running Gradle task 'assembleDebug'...                          

FAILURE: Build failed with an exception.

* What went wrong:
Could not open cp_settings generic class cache for settings file '/home/rayu/DasTern/ocr_ai_for_reminder/android/settings.gradle' (/home/rayu/.gradle/caches/7.6/scripts/9jg82xovkrew72o62v28ckl4t).
> BUG! exception in phase 'semantic analysis' in source unit '_BuildScript_' Unsupported class file major version 65

* Try:
> Run with --stacktrace option to get the stack trace.
> Run with --info or --debug option to get more log output.
> Run with --scan to get full insights.

* Get more help at https://help.gradle.org

BUILD FAILED in 1m 1s
Running Gradle task 'assembleDebug'...                             62.3s

┌─ Flutter Fix ───────────────────────────────────────────────────────────────────────────────────┐
│ [!] Your project's Gradle version is incompatible with the Java version that Flutter is using   │
│ for Gradle.                                                                                     │
│                                                                                                 │
│ If you recently upgraded Android Studio, consult the migration guide at                         │
│ https://flutter.dev/to/java-gradle-incompatibility.                                             │
│                                                                                                 │
│ Otherwise, to fix this issue, first, check the Java version used by Flutter by running `flutter │
│ doctor --verbose`.                                                                              │
│                                                                                                 │
│ Then, update the Gradle version specified in                                                    │
│ /home/rayu/DasTern/ocr_ai_for_reminder/android/gradle/wrapper/gradle-wrapper.properties to be   │
│ compatible with that Java version. See the link below for more information on compatible        │
│ Java/Gradle versions:                                                                           │
│ https://docs.gradle.org/current/userguide/compatibility.html#java                               │
│                                                                                                 │
│                                                                                                 │
└─────────────────────────────────────────────────────────────────────────────────────────────────┘
Gradle task assembleDebug failed with exit code 1
